#
# A fatal error has been detected by the Java Runtime Environment:
#
#  SIGSEGV (0xb) at pc=0x000000010c432d10, pid=2914, tid=18691
#
# JRE version: Java(TM) SE Runtime Environment (8.0_45-b14) (build 1.8.0_45-b14)
# Java VM: Java HotSpot(TM) 64-Bit Server VM (25.45-b02 mixed mode bsd-amd64 compressed oops)
# Problematic frame:
# V  [libjvm.dylib+0x432d10]  Method::checked_resolve_jmethod_id(_jmethodID*)+0xe
#
# Failed to write core dump. Core dumps have been disabled. To enable core dumping, try "ulimit -c unlimited" before starting Java again
#
# If you would like to submit a bug report, please visit:
#   http://bugreport.java.com/bugreport/crash.jsp
#

---------------  T H R E A D  ---------------

Current thread (0x00007fadc302d000):  JavaThread "JDWP Transport Listener: dt_socket" daemon [_thread_in_vm, id=18691, stack(0x0000000125a61000,0x0000000125b61000)]

siginfo: si_signo: 11 (SIGSEGV), si_code: 0 (unknown), si_addr: 0x0000000000000000

Registers:
RAX=0x0000000000000001, RBX=0x0000000125b60a8b, RCX=0x000000010c7fa190, RDX=0x0000000125b60a8b
RSP=0x0000000125b609d0, RBP=0x0000000125b609e0, RSI=0x00007fadc302d000, RDI=0x472479726f746361
R8 =0x0000000000000000, R9 =0x00007fadc2400000, R10=0x0000000000000010, R11=0x00007fadc2400000
R12=0x00007fadc302d000, R13=0x472479726f746361, R14=0x472479726f746361, R15=0x00007fadc2418270
RIP=0x000000010c432d10, EFLAGS=0x0000000000010202, ERR=0x0000000000000000
  TRAPNO=0x000000000000000d

Top of Stack: (sp=0x0000000125b609d0)
0x0000000125b609d0:   0000000125b60a8b 0000000125b60a8b
0x0000000125b609e0:   0000000125b60a40 000000010c3430d6
0x0000000125b609f0:   00007fadc302d000 0000000000000000
0x0000000125b60a00:   0000000000000000 0000000000000000
0x0000000125b60a10:   00007fadc302d000 00007fadc302d000
0x0000000125b60a20:   0000000125b60a8b 0000000125b60a90
0x0000000125b60a30:   472479726f746361 0000000000000009
0x0000000125b60a40:   0000000125b60a60 000000010cfcc780
0x0000000125b60a50:   0000000000000001 0000000125b60b08
0x0000000125b60a60:   0000000125b60ad0 000000010cfb11f3
0x0000000125b60a70:   0000000125b60aa0 00007fadc2432ef0
0x0000000125b60a80:   0000000a00000032 f000100a01b60b08
0x0000000125b60a90:   0000000000000000 0000000000000000
0x0000000125b60aa0:   0000000000000000 0000000125b60c90
0x0000000125b60ab0:   000000010cfd3e7a 00007fadc2432670
0x0000000125b60ac0:   0000000125b60b08 000000010cfdf598
0x0000000125b60ad0:   0000000125b60ae0 000000010cfb12ec
0x0000000125b60ae0:   0000000125b60d00 000000010cfba898
0x0000000125b60af0:   0000059800000013 00000000000f0200
0x0000000125b60b00:   00007fadc240cc70 00007fadc2433085
0x0000000125b60b10:   00007fad000001a3 00007fadc2433230
0x0000000125b60b20:   00007fad0000012c 0000000125b60b58
0x0000000125b60b30:   00007fadc2433230 00007f0000000000
0x0000000125b60b40:   000005980000001c 00007fff00001f80
0x0000000125b60b50:   0000000125b60b58 ad7f00000a000000
0x0000000125b60b60:   0800000048ba21c4 3e74696e696c633c
0x0000000125b60b70:   0056292803000000 0008000000000000
0x0000000125b60b80:   0040ba21c4ad7f00 74696e693c060000
0x0000000125b60b90:   562928030000003e 0100000000000000
0x0000000125b60ba0:   50ba21c4ad7f0000 6e69616d04000000
0x0000000125b60bb0:   6a4c5b2816000000 676e616c2f617661
0x0000000125b60bc0:   3b676e697274532f 0000000000005629 

Instructions: (pc=0x000000010c432d10)
0x000000010c432cf0:   40 48 48 85 c0 75 e0 30 c0 0f b6 c0 5d c3 31 c0
0x000000010c432d00:   5d c3 55 48 89 e5 53 48 83 ec 08 48 85 ff 74 24
0x000000010c432d10:   48 8b 1f 48 85 db 74 1c 48 83 fb 37 74 16 48 8b
0x000000010c432d20:   03 48 89 df ff 50 10 84 c0 b8 00 00 00 00 48 0f 

Register to memory mapping:

RAX=0x0000000000000001 is an unknown value
RBX=0x0000000125b60a8b is pointing into the stack for thread: 0x00007fadc302d000
RCX=0x000000010c7fa190: UseMembar+0 in /Library/Java/JavaVirtualMachines/jdk1.8.0_45.jdk/Contents/Home/jre/lib/server/libjvm.dylib at 0x000000010c000000
RDX=0x0000000125b60a8b is pointing into the stack for thread: 0x00007fadc302d000
RSP=0x0000000125b609d0 is pointing into the stack for thread: 0x00007fadc302d000
RBP=0x0000000125b609e0 is pointing into the stack for thread: 0x00007fadc302d000
RSI=0x00007fadc302d000 is a thread
RDI=0x472479726f746361 is an unknown value
R8 =0x0000000000000000 is an unknown value
R9 =0x00007fadc2400000 is an unknown value
R10=0x0000000000000010 is an unknown value
R11=0x00007fadc2400000 is an unknown value
R12=0x00007fadc302d000 is a thread
R13=0x472479726f746361 is an unknown value
R14=0x472479726f746361 is an unknown value
R15=0x00007fadc2418270 is an unknown value


Stack: [0x0000000125a61000,0x0000000125b61000],  sp=0x0000000125b609d0,  free space=1022k
Native frames: (J=compiled Java code, j=interpreted, Vv=VM code, C=native code)
V  [libjvm.dylib+0x432d10]  Method::checked_resolve_jmethod_id(_jmethodID*)+0xe
V  [libjvm.dylib+0x3430d6]  jvmti_IsMethodSynthetic+0xb2
C  [libjdwp.dylib+0x20780]  isMethodSynthetic+0x63
C  [libjdwp.dylib+0x51f3]  methods1+0x10b
C  [libjdwp.dylib+0x52ec]  methodsWithGeneric+0xe
C  [libjdwp.dylib+0xe898]  debugLoop_run+0x1ce
C  [libjdwp.dylib+0x1f6ba]  attachThread+0x4d
V  [libjvm.dylib+0x38401c]  JvmtiAgentThread::call_start_function()+0x38
V  [libjvm.dylib+0x549acf]  JavaThread::thread_main_inner()+0x9b
V  [libjvm.dylib+0x54b1c0]  JavaThread::run()+0x1c2
V  [libjvm.dylib+0x46ea7e]  java_start(Thread*)+0xf6
C  [libsystem_pthread.dylib+0x3268]  _pthread_body+0x83
C  [libsystem_pthread.dylib+0x31e5]  _pthread_body+0x0
C  [libsystem_pthread.dylib+0x141d]  thread_start+0xd
C  0x0000000000000000


---------------  P R O C E S S  ---------------

Java Threads: ( => current thread )
  0x00007fadc5012800 JavaThread "Service Thread" daemon [_thread_blocked, id=22275, stack(0x0000000126176000,0x0000000126276000)]
  0x00007fadc500f800 JavaThread "C1 CompilerThread3" daemon [_thread_blocked, id=21763, stack(0x0000000126073000,0x0000000126173000)]
  0x00007fadc500f000 JavaThread "C2 CompilerThread2" daemon [_thread_blocked, id=21251, stack(0x0000000125f70000,0x0000000126070000)]
  0x00007fadc500e000 JavaThread "C2 CompilerThread1" daemon [_thread_blocked, id=20739, stack(0x0000000125e6d000,0x0000000125f6d000)]
  0x00007fadc303c800 JavaThread "C2 CompilerThread0" daemon [_thread_blocked, id=20227, stack(0x0000000125d6a000,0x0000000125e6a000)]
  0x00007fadc3804000 JavaThread "JDWP Command Reader" daemon [_thread_in_native, id=19715, stack(0x0000000125c67000,0x0000000125d67000)]
  0x00007fadc303b000 JavaThread "JDWP Event Helper Thread" daemon [_thread_blocked, id=19203, stack(0x0000000125b64000,0x0000000125c64000)]
=>0x00007fadc302d000 JavaThread "JDWP Transport Listener: dt_socket" daemon [_thread_in_vm, id=18691, stack(0x0000000125a61000,0x0000000125b61000)]
  0x00007fadc5007000 JavaThread "Signal Dispatcher" daemon [_thread_blocked, id=18207, stack(0x000000012595e000,0x0000000125a5e000)]
  0x00007fadc5003000 JavaThread "Finalizer" daemon [_thread_blocked, id=13571, stack(0x0000000124009000,0x0000000124109000)]
  0x00007fadc5002000 JavaThread "Reference Handler" daemon [_thread_blocked, id=13059, stack(0x0000000123f06000,0x0000000124006000)]
  0x00007fadc4801800 JavaThread "main" [_thread_blocked, id=4867, stack(0x000000010aef3000,0x000000010aff3000)]

Other Threads:
  0x00007fadc4839800 VMThread [stack: 0x0000000123e03000,0x0000000123f03000] [id=12547]
  0x00007fadc3016000 WatcherThread [stack: 0x0000000126279000,0x0000000126379000] [id=22787]

VM state:not at safepoint (normal execution)

VM Mutex/Monitor currently owned by a thread: None

Heap:
 PSYoungGen      total 88576K, used 14197K [0x0000000795580000, 0x000000079bf80000, 0x00000007c0000000)
  eden space 83456K, 10% used [0x0000000795580000,0x0000000795e61720,0x000000079a700000)
  from space 5120K, 99% used [0x000000079ba80000,0x000000079bf7bea8,0x000000079bf80000)
  to   space 5120K, 0% used [0x000000079b580000,0x000000079b580000,0x000000079ba80000)
 ParOldGen       total 279552K, used 189743K [0x0000000740000000, 0x0000000751100000, 0x0000000795580000)
  object space 279552K, 67% used [0x0000000740000000,0x000000074b94bcf8,0x0000000751100000)
 Metaspace       used 4532K, capacity 4952K, committed 5248K, reserved 1056768K
  class space    used 504K, capacity 570K, committed 640K, reserved 1048576K

Card table byte_map: [0x000000011c3c8000,0x000000011c7c9000] byte_map_base: 0x00000001189c8000

Marking Bits: (ParMarkBitMap*) 0x000000010c8c27a0
 Begin Bits: [0x000000011d28c000, 0x000000011f28c000)
 End Bits:   [0x000000011f28c000, 0x000000012128c000)

Polling page: 0x000000010aff5000

CodeCache: size=245760Kb used=1993Kb max_used=1993Kb free=243766Kb
 bounds [0x000000010d008000, 0x000000010d278000, 0x000000011c008000]
 total_blobs=651 nmethods=395 adapters=178
 compilation: enabled

Compilation events (10 events):
Event: 131.142 Thread 0x00007fadc500f800  391       3       java.lang.Object::toString (36 bytes)
Event: 131.143 Thread 0x00007fadc500f800 nmethod 391 0x000000010d1f9490 code [0x000000010d1f96a0, 0x000000010d1fa248]
Event: 131.143 Thread 0x00007fadc500f800  393       3       java.lang.Integer::formatUnsignedInt (48 bytes)
Event: 131.143 Thread 0x00007fadc500f800 nmethod 393 0x000000010d1fa690 code [0x000000010d1fa800, 0x000000010d1faa90]
Event: 131.143 Thread 0x00007fadc500f800  392       3       java.lang.Integer::toHexString (6 bytes)
Event: 131.143 Thread 0x00007fadc500f800 nmethod 392 0x000000010d1e9510 code [0x000000010d1e9680, 0x000000010d1e97e8]
Event: 147.593 Thread 0x00007fadc500f800  394       1       java.util.Arrays$ArrayList::size (6 bytes)
Event: 147.593 Thread 0x00007fadc500f800 nmethod 394 0x000000010d1facd0 code [0x000000010d1fae20, 0x000000010d1faf30]
Event: 147.593 Thread 0x00007fadc500f800  395       1       java.util.Arrays$ArrayList::get (7 bytes)
Event: 147.593 Thread 0x00007fadc500f800 nmethod 395 0x000000010d1fafd0 code [0x000000010d1fb120, 0x000000010d1fb250]

GC Heap History (10 events):
Event: 0.287 GC heap before
{Heap before GC invocations=2 (full 0):
 PSYoungGen      total 38400K, used 38375K [0x0000000795580000, 0x000000079a080000, 0x00000007c0000000)
  eden space 33280K, 100% used [0x0000000795580000,0x0000000797600000,0x0000000797600000)
  from space 5120K, 99% used [0x0000000797600000,0x0000000797af9c90,0x0000000797b00000)
  to   space 5120K, 0% used [0x0000000799b80000,0x0000000799b80000,0x000000079a080000)
 ParOldGen       total 87552K, used 28560K [0x0000000740000000, 0x0000000745580000, 0x0000000795580000)
  object space 87552K, 32% used [0x0000000740000000,0x0000000741be42d8,0x0000000745580000)
 Metaspace       used 3195K, capacity 4664K, committed 4864K, reserved 1056768K
  class space    used 341K, capacity 424K, committed 512K, reserved 1048576K
Event: 0.313 GC heap after
Heap after GC invocations=2 (full 0):
 PSYoungGen      total 71680K, used 5095K [0x0000000795580000, 0x000000079a080000, 0x00000007c0000000)
  eden space 66560K, 0% used [0x0000000795580000,0x0000000795580000,0x0000000799680000)
  from space 5120K, 99% used [0x0000000799b80000,0x000000079a079c70,0x000000079a080000)
  to   space 5120K, 0% used [0x0000000799680000,0x0000000799680000,0x0000000799b80000)
 ParOldGen       total 87552K, used 61688K [0x0000000740000000, 0x0000000745580000, 0x0000000795580000)
  object space 87552K, 70% used [0x0000000740000000,0x0000000743c3e2d8,0x0000000745580000)
 Metaspace       used 3195K, capacity 4664K, committed 4864K, reserved 1056768K
  class space    used 341K, capacity 424K, committed 512K, reserved 1048576K
}
Event: 0.313 GC heap before
{Heap before GC invocations=3 (full 1):
 PSYoungGen      total 71680K, used 5095K [0x0000000795580000, 0x000000079a080000, 0x00000007c0000000)
  eden space 66560K, 0% used [0x0000000795580000,0x0000000795580000,0x0000000799680000)
  from space 5120K, 99% used [0x0000000799b80000,0x000000079a079c70,0x000000079a080000)
  to   space 5120K, 0% used [0x0000000799680000,0x0000000799680000,0x0000000799b80000)
 ParOldGen       total 87552K, used 61688K [0x0000000740000000, 0x0000000745580000, 0x0000000795580000)
  object space 87552K, 70% used [0x0000000740000000,0x0000000743c3e2d8,0x0000000745580000)
 Metaspace       used 3195K, capacity 4664K, committed 4864K, reserved 1056768K
  class space    used 341K, capacity 424K, committed 512K, reserved 1048576K
Event: 0.404 GC heap after
Heap after GC invocations=3 (full 1):
 PSYoungGen      total 71680K, used 0K [0x0000000795580000, 0x000000079a080000, 0x00000007c0000000)
  eden space 66560K, 0% used [0x0000000795580000,0x0000000795580000,0x0000000799680000)
  from space 5120K, 0% used [0x0000000799b80000,0x0000000799b80000,0x000000079a080000)
  to   space 5120K, 0% used [0x0000000799680000,0x0000000799680000,0x0000000799b80000)
 ParOldGen       total 147968K, used 62295K [0x0000000740000000, 0x0000000749080000, 0x0000000795580000)
  object space 147968K, 42% used [0x0000000740000000,0x0000000743cd5d88,0x0000000749080000)
 Metaspace       used 3195K, capacity 4664K, committed 4864K, reserved 1056768K
  class space    used 341K, capacity 424K, committed 512K, reserved 1048576K
}
Event: 0.491 GC heap before
{Heap before GC invocations=4 (full 1):
 PSYoungGen      total 71680K, used 66560K [0x0000000795580000, 0x000000079a080000, 0x00000007c0000000)
  eden space 66560K, 100% used [0x0000000795580000,0x0000000799680000,0x0000000799680000)
  from space 5120K, 0% used [0x0000000799b80000,0x0000000799b80000,0x000000079a080000)
  to   space 5120K, 0% used [0x0000000799680000,0x0000000799680000,0x0000000799b80000)
 ParOldGen       total 147968K, used 62295K [0x0000000740000000, 0x0000000749080000, 0x0000000795580000)
  object space 147968K, 42% used [0x0000000740000000,0x0000000743cd5d88,0x0000000749080000)
 Metaspace       used 3195K, capacity 4664K, committed 4864K, reserved 1056768K
  class space    used 341K, capacity 424K, committed 512K, reserved 1048576K
Event: 0.540 GC heap after
Heap after GC invocations=4 (full 1):
 PSYoungGen      total 71680K, used 5111K [0x0000000795580000, 0x000000079bf80000, 0x00000007c0000000)
  eden space 66560K, 0% used [0x0000000795580000,0x0000000795580000,0x0000000799680000)
  from space 5120K, 99% used [0x0000000799680000,0x0000000799b7dfa0,0x0000000799b80000)
  to   space 5120K, 0% used [0x000000079ba80000,0x000000079ba80000,0x000000079bf80000)
 ParOldGen       total 147968K, used 123375K [0x0000000740000000, 0x0000000749080000, 0x0000000795580000)
  object space 147968K, 83% used [0x0000000740000000,0x000000074787bd88,0x0000000749080000)
 Metaspace       used 3195K, capacity 4664K, committed 4864K, reserved 1056768K
  class space    used 341K, capacity 424K, committed 512K, reserved 1048576K
}
Event: 0.540 GC heap before
{Heap before GC invocations=5 (full 2):
 PSYoungGen      total 71680K, used 5111K [0x0000000795580000, 0x000000079bf80000, 0x00000007c0000000)
  eden space 66560K, 0% used [0x0000000795580000,0x0000000795580000,0x0000000799680000)
  from space 5120K, 99% used [0x0000000799680000,0x0000000799b7dfa0,0x0000000799b80000)
  to   space 5120K, 0% used [0x000000079ba80000,0x000000079ba80000,0x000000079bf80000)
 ParOldGen       total 147968K, used 123375K [0x0000000740000000, 0x0000000749080000, 0x0000000795580000)
  object space 147968K, 83% used [0x0000000740000000,0x000000074787bd88,0x0000000749080000)
 Metaspace       used 3195K, capacity 4664K, committed 4864K, reserved 1056768K
  class space    used 341K, capacity 424K, committed 512K, reserved 1048576K
Event: 1.154 GC heap after
Heap after GC invocations=5 (full 2):
 PSYoungGen      total 71680K, used 0K [0x0000000795580000, 0x000000079bf80000, 0x00000007c0000000)
  eden space 66560K, 0% used [0x0000000795580000,0x0000000795580000,0x0000000799680000)
  from space 5120K, 0% used [0x0000000799680000,0x0000000799680000,0x0000000799b80000)
  to   space 5120K, 0% used [0x000000079ba80000,0x000000079ba80000,0x000000079bf80000)
 ParOldGen       total 279552K, used 128089K [0x0000000740000000, 0x0000000751100000, 0x0000000795580000)
  object space 279552K, 45% used [0x0000000740000000,0x0000000747d16618,0x0000000751100000)
 Metaspace       used 3195K, capacity 4664K, committed 4864K, reserved 1056768K
  class space    used 341K, capacity 424K, committed 512K, reserved 1048576K
}
Event: 1.202 GC heap before
{Heap before GC invocations=6 (full 2):
 PSYoungGen      total 71680K, used 66540K [0x0000000795580000, 0x000000079bf80000, 0x00000007c0000000)
  eden space 66560K, 99% used [0x0000000795580000,0x000000079967b0b8,0x0000000799680000)
  from space 5120K, 0% used [0x0000000799680000,0x0000000799680000,0x0000000799b80000)
  to   space 5120K, 0% used [0x000000079ba80000,0x000000079ba80000,0x000000079bf80000)
 ParOldGen       total 279552K, used 128089K [0x0000000740000000, 0x0000000751100000, 0x0000000795580000)
  object space 279552K, 45% used [0x0000000740000000,0x0000000747d16618,0x0000000751100000)
 Metaspace       used 3197K, capacity 4664K, committed 4864K, reserved 1056768K
  class space    used 342K, capacity 424K, committed 512K, reserved 1048576K
Event: 1.255 GC heap after
Heap after GC invocations=6 (full 2):
 PSYoungGen      total 88576K, used 5103K [0x0000000795580000, 0x000000079bf80000, 0x00000007c0000000)
  eden space 83456K, 0% used [0x0000000795580000,0x0000000795580000,0x000000079a700000)
  from space 5120K, 99% used [0x000000079ba80000,0x000000079bf7bea8,0x000000079bf80000)
  to   space 5120K, 0% used [0x000000079b580000,0x000000079b580000,0x000000079ba80000)
 ParOldGen       total 279552K, used 189743K [0x0000000740000000, 0x0000000751100000, 0x0000000795580000)
  object space 279552K, 67% used [0x0000000740000000,0x000000074b94bcf8,0x0000000751100000)
 Metaspace       used 3197K, capacity 4664K, committed 4864K, reserved 1056768K
  class space    used 342K, capacity 424K, committed 512K, reserved 1048576K
}

Deoptimization events (5 events):
Event: 0.242 Thread 0x00007fadc4801800 Uncommon trap: reason=unstable_if action=reinterpret pc=0x000000010d17575c method=com.univocity.parsers.common.input.AbstractCharInputReader.nextChar()C @ 36
Event: 0.432 Thread 0x00007fadc4801800 Uncommon trap: reason=unstable_if action=reinterpret pc=0x000000010d17b27c method=java.util.ArrayList.ensureExplicitCapacity(I)V @ 17
Event: 1.198 Thread 0x00007fadc4801800 Uncommon trap: reason=unstable_if action=reinterpret pc=0x000000010d185e10 method=com.univocity.parsers.common.input.AbstractCharInputReader.nextChar()C @ 5
Event: 1.289 Thread 0x00007fadc4801800 Uncommon trap: reason=unstable_if action=reinterpret pc=0x000000010d1492dc method=java.lang.String.indexOf(II)I @ 49
Event: 1.289 Thread 0x00007fadc4801800 Uncommon trap: reason=unstable_if action=reinterpret pc=0x000000010d1874d4 method=java.util.ArrayList.ensureCapacityInternal(I)V @ 7

Internal exceptions (10 events):
Event: 0.135 Thread 0x00007fadc4801800 Exception <a 'java/security/PrivilegedActionException'> (0x00000007958483b0) thrown at [/Users/java_re/workspace/8-2-build-macosx-x86_64/jdk8u45/3457/hotspot/src/share/vm/prims/jvm.cpp, line 1382]
Event: 0.136 Thread 0x00007fadc4801800 Exception <a 'java/util/zip/ZipException'> (0x00000007958490d8) thrown at [/Users/java_re/workspace/8-2-build-macosx-x86_64/jdk8u45/3457/hotspot/src/share/vm/prims/jni.cpp, line 709]
Event: 0.136 Thread 0x00007fadc4801800 Exception <a 'java/security/PrivilegedActionException'> (0x0000000795849288) thrown at [/Users/java_re/workspace/8-2-build-macosx-x86_64/jdk8u45/3457/hotspot/src/share/vm/prims/jvm.cpp, line 1382]
Event: 0.136 Thread 0x00007fadc4801800 Exception <a 'java/security/PrivilegedActionException'> (0x0000000795849440) thrown at [/Users/java_re/workspace/8-2-build-macosx-x86_64/jdk8u45/3457/hotspot/src/share/vm/prims/jvm.cpp, line 1382]
Event: 0.138 Thread 0x00007fadc4801800 Exception <a 'java/util/zip/ZipException'> (0x000000079585adc8) thrown at [/Users/java_re/workspace/8-2-build-macosx-x86_64/jdk8u45/3457/hotspot/src/share/vm/prims/jni.cpp, line 709]
Event: 0.138 Thread 0x00007fadc4801800 Exception <a 'java/security/PrivilegedActionException'> (0x000000079585af78) thrown at [/Users/java_re/workspace/8-2-build-macosx-x86_64/jdk8u45/3457/hotspot/src/share/vm/prims/jvm.cpp, line 1382]
Event: 0.138 Thread 0x00007fadc4801800 Exception <a 'java/security/PrivilegedActionException'> (0x000000079585b130) thrown at [/Users/java_re/workspace/8-2-build-macosx-x86_64/jdk8u45/3457/hotspot/src/share/vm/prims/jvm.cpp, line 1382]
Event: 1.318 Thread 0x00007fadc4801800 Exception <a 'java/lang/NoSuchFieldError': method resolution failed> (0x0000000795a53ea0) thrown at [/Users/java_re/workspace/8-2-build-macosx-x86_64/jdk8u45/3457/hotspot/src/share/vm/prims/methodHandles.cpp, line 1125]
Event: 1.323 Thread 0x00007fadc4801800 Exception <a 'java/lang/NoSuchFieldError': method resolution failed> (0x0000000795a62590) thrown at [/Users/java_re/workspace/8-2-build-macosx-x86_64/jdk8u45/3457/hotspot/src/share/vm/prims/methodHandles.cpp, line 1125]
Event: 117.282 Thread 0x00007fadc4801800 Exception <a 'java/lang/ArrayIndexOutOfBoundsException': 0> (0x0000000795c146c0) thrown at [/Users/java_re/workspace/8-2-build-macosx-x86_64/jdk8u45/3457/hotspot/src/share/vm/interpreter/interpreterRuntime.cpp, line 366]

Events (10 events):
Event: 158.374 Executing VM operation: GetOrSetLocal
Event: 158.374 Executing VM operation: GetOrSetLocal done
Event: 158.374 Executing VM operation: GetOrSetLocal
Event: 158.374 Executing VM operation: GetOrSetLocal done
Event: 158.374 Executing VM operation: GetOrSetLocal
Event: 158.374 Executing VM operation: GetOrSetLocal done
Event: 158.375 Executing VM operation: GetOrSetLocal
Event: 158.375 Executing VM operation: GetOrSetLocal done
Event: 186.284 Executing VM operation: RedefineClasses
Event: 186.288 Executing VM operation: RedefineClasses done


Dynamic libraries:
0x0000000002890000 	/System/Library/Frameworks/Cocoa.framework/Versions/A/Cocoa
0x0000000002890000 	/System/Library/Frameworks/Security.framework/Versions/A/Security
0x0000000002890000 	/System/Library/Frameworks/ApplicationServices.framework/Versions/A/ApplicationServices
0x0000000002890000 	/usr/lib/libz.1.dylib
0x0000000002890000 	/usr/lib/libSystem.B.dylib
0x0000000002890000 	/usr/lib/libobjc.A.dylib
0x0000000002890000 	/System/Library/Frameworks/CoreFoundation.framework/Versions/A/CoreFoundation
0x0000000002890000 	/System/Library/Frameworks/Foundation.framework/Versions/C/Foundation
0x0000000002890000 	/System/Library/Frameworks/AppKit.framework/Versions/C/AppKit
0x0000000002890000 	/System/Library/Frameworks/CoreData.framework/Versions/A/CoreData
0x0000000002890000 	/System/Library/PrivateFrameworks/RemoteViewServices.framework/Versions/A/RemoteViewServices
0x0000000002890000 	/System/Library/PrivateFrameworks/UIFoundation.framework/Versions/A/UIFoundation
0x0000000002890000 	/System/Library/Frameworks/IOSurface.framework/Versions/A/IOSurface
0x0000000002890000 	/System/Library/Frameworks/AudioToolbox.framework/Versions/A/AudioToolbox
0x0000000002890000 	/System/Library/Frameworks/AudioUnit.framework/Versions/A/AudioUnit
0x0000000002890000 	/System/Library/PrivateFrameworks/DataDetectorsCore.framework/Versions/A/DataDetectorsCore
0x0000000002890000 	/System/Library/PrivateFrameworks/DesktopServicesPriv.framework/Versions/A/DesktopServicesPriv
0x0000000002890000 	/System/Library/Frameworks/Carbon.framework/Versions/A/Frameworks/HIToolbox.framework/Versions/A/HIToolbox
0x0000000002890000 	/System/Library/Frameworks/QuartzCore.framework/Versions/A/QuartzCore
0x0000000002890000 	/System/Library/Frameworks/Carbon.framework/Versions/A/Frameworks/SpeechRecognition.framework/Versions/A/SpeechRecognition
0x0000000002890000 	/usr/lib/libauto.dylib
0x0000000002890000 	/usr/lib/libicucore.A.dylib
0x0000000002890000 	/usr/lib/libxml2.2.dylib
0x0000000002890000 	/System/Library/PrivateFrameworks/CoreUI.framework/Versions/A/CoreUI
0x0000000002890000 	/System/Library/Frameworks/CoreAudio.framework/Versions/A/CoreAudio
0x0000000002890000 	/System/Library/Frameworks/DiskArbitration.framework/Versions/A/DiskArbitration
0x0000000002890000 	/usr/lib/liblangid.dylib
0x0000000002890000 	/System/Library/PrivateFrameworks/MultitouchSupport.framework/Versions/A/MultitouchSupport
0x0000000002890000 	/System/Library/Frameworks/IOKit.framework/Versions/A/IOKit
0x0000000002890000 	/usr/lib/libDiagnosticMessagesClient.dylib
0x0000000002890000 	/System/Library/Frameworks/CoreServices.framework/Versions/A/CoreServices
0x0000000002890000 	/System/Library/PrivateFrameworks/PerformanceAnalysis.framework/Versions/A/PerformanceAnalysis
0x0000000002890000 	/System/Library/PrivateFrameworks/GenerationalStorage.framework/Versions/A/GenerationalStorage
0x0000000002890000 	/System/Library/Frameworks/OpenGL.framework/Versions/A/OpenGL
0x0000000002890000 	/System/Library/PrivateFrameworks/Sharing.framework/Versions/A/Sharing
0x0000000002890000 	/System/Library/Frameworks/CoreGraphics.framework/Versions/A/CoreGraphics
0x0000000002890000 	/System/Library/Frameworks/CoreText.framework/Versions/A/CoreText
0x0000000002890000 	/System/Library/Frameworks/ImageIO.framework/Versions/A/ImageIO
0x0000000002890000 	/usr/lib/libextension.dylib
0x0000000002890000 	/System/Library/PrivateFrameworks/Backup.framework/Versions/A/Backup
0x0000000002890000 	/usr/lib/libarchive.2.dylib
0x0000000002890000 	/System/Library/Frameworks/CFNetwork.framework/Versions/A/CFNetwork
0x0000000002890000 	/System/Library/Frameworks/SystemConfiguration.framework/Versions/A/SystemConfiguration
0x0000000002890000 	/usr/lib/libCRFSuite.dylib
0x0000000002890000 	/usr/lib/libc++.1.dylib
0x0000000002890000 	/usr/lib/libc++abi.dylib
0x0000000002890000 	/usr/lib/system/libcache.dylib
0x0000000002890000 	/usr/lib/system/libcommonCrypto.dylib
0x0000000002890000 	/usr/lib/system/libcompiler_rt.dylib
0x0000000002890000 	/usr/lib/system/libcopyfile.dylib
0x0000000002890000 	/usr/lib/system/libcorecrypto.dylib
0x0000000002890000 	/usr/lib/system/libdispatch.dylib
0x0000000002890000 	/usr/lib/system/libdyld.dylib
0x0000000002890000 	/usr/lib/system/libkeymgr.dylib
0x0000000002890000 	/usr/lib/system/liblaunch.dylib
0x0000000002890000 	/usr/lib/system/libmacho.dylib
0x0000000002890000 	/usr/lib/system/libquarantine.dylib
0x0000000002890000 	/usr/lib/system/libremovefile.dylib
0x0000000002890000 	/usr/lib/system/libsystem_asl.dylib
0x0000000002890000 	/usr/lib/system/libsystem_blocks.dylib
0x0000000002890000 	/usr/lib/system/libsystem_c.dylib
0x0000000002890000 	/usr/lib/system/libsystem_configuration.dylib
0x0000000002890000 	/usr/lib/system/libsystem_coreservices.dylib
0x0000000002890000 	/usr/lib/system/libsystem_coretls.dylib
0x0000000002890000 	/usr/lib/system/libsystem_dnssd.dylib
0x0000000002890000 	/usr/lib/system/libsystem_info.dylib
0x0000000002890000 	/usr/lib/system/libsystem_kernel.dylib
0x0000000002890000 	/usr/lib/system/libsystem_m.dylib
0x0000000002890000 	/usr/lib/system/libsystem_malloc.dylib
0x0000000002890000 	/usr/lib/system/libsystem_network.dylib
0x0000000002890000 	/usr/lib/system/libsystem_networkextension.dylib
0x0000000002890000 	/usr/lib/system/libsystem_notify.dylib
0x0000000002890000 	/usr/lib/system/libsystem_platform.dylib
0x0000000002890000 	/usr/lib/system/libsystem_pthread.dylib
0x0000000002890000 	/usr/lib/system/libsystem_sandbox.dylib
0x0000000002890000 	/usr/lib/system/libsystem_secinit.dylib
0x0000000002890000 	/usr/lib/system/libsystem_stats.dylib
0x0000000002890000 	/usr/lib/system/libsystem_trace.dylib
0x0000000002890000 	/usr/lib/system/libunc.dylib
0x0000000002890000 	/usr/lib/system/libunwind.dylib
0x0000000002890000 	/usr/lib/system/libxpc.dylib
0x0000000002890000 	/usr/lib/libbz2.1.0.dylib
0x0000000002890000 	/usr/lib/liblzma.5.dylib
0x0000000002890000 	/usr/lib/libbsm.0.dylib
0x0000000002890000 	/usr/lib/libsqlite3.dylib
0x0000000002890000 	/usr/lib/system/libkxld.dylib
0x0000000002890000 	/usr/lib/libxar.1.dylib
0x0000000002890000 	/usr/lib/libpam.2.dylib
0x0000000002890000 	/usr/lib/libOpenScriptingUtil.dylib
0x0000000002890000 	/System/Library/Frameworks/CoreServices.framework/Versions/A/Frameworks/FSEvents.framework/Versions/A/FSEvents
0x0000000002890000 	/System/Library/Frameworks/CoreServices.framework/Versions/A/Frameworks/CarbonCore.framework/Versions/A/CarbonCore
0x0000000002890000 	/System/Library/Frameworks/CoreServices.framework/Versions/A/Frameworks/Metadata.framework/Versions/A/Metadata
0x0000000002890000 	/System/Library/Frameworks/CoreServices.framework/Versions/A/Frameworks/OSServices.framework/Versions/A/OSServices
0x0000000002890000 	/System/Library/Frameworks/CoreServices.framework/Versions/A/Frameworks/SearchKit.framework/Versions/A/SearchKit
0x0000000002890000 	/System/Library/Frameworks/CoreServices.framework/Versions/A/Frameworks/AE.framework/Versions/A/AE
0x0000000002890000 	/System/Library/Frameworks/CoreServices.framework/Versions/A/Frameworks/LaunchServices.framework/Versions/A/LaunchServices
0x0000000002890000 	/System/Library/Frameworks/CoreServices.framework/Versions/A/Frameworks/DictionaryServices.framework/Versions/A/DictionaryServices
0x0000000002890000 	/System/Library/Frameworks/NetFS.framework/Versions/A/NetFS
0x0000000002890000 	/System/Library/PrivateFrameworks/NetAuth.framework/Versions/A/NetAuth
0x0000000002890000 	/System/Library/PrivateFrameworks/login.framework/Versions/A/Frameworks/loginsupport.framework/Versions/A/loginsupport
0x0000000002890000 	/System/Library/PrivateFrameworks/TCC.framework/Versions/A/TCC
0x0000000002890000 	/usr/lib/libmecabra.dylib
0x0000000002890000 	/System/Library/Frameworks/ApplicationServices.framework/Versions/A/Frameworks/ATS.framework/Versions/A/ATS
0x0000000002890000 	/System/Library/Frameworks/ApplicationServices.framework/Versions/A/Frameworks/ColorSync.framework/Versions/A/ColorSync
0x0000000002890000 	/System/Library/Frameworks/ApplicationServices.framework/Versions/A/Frameworks/HIServices.framework/Versions/A/HIServices
0x0000000002890000 	/System/Library/Frameworks/ApplicationServices.framework/Versions/A/Frameworks/LangAnalysis.framework/Versions/A/LangAnalysis
0x0000000002890000 	/System/Library/Frameworks/ApplicationServices.framework/Versions/A/Frameworks/PrintCore.framework/Versions/A/PrintCore
0x0000000002890000 	/System/Library/Frameworks/ApplicationServices.framework/Versions/A/Frameworks/QD.framework/Versions/A/QD
0x0000000002890000 	/System/Library/Frameworks/ApplicationServices.framework/Versions/A/Frameworks/SpeechSynthesis.framework/Versions/A/SpeechSynthesis
0x0000000002890000 	/System/Library/Frameworks/Accelerate.framework/Versions/A/Accelerate
0x0000000002890000 	/System/Library/Frameworks/Accelerate.framework/Versions/A/Frameworks/vImage.framework/Versions/A/vImage
0x0000000002890000 	/System/Library/Frameworks/Accelerate.framework/Versions/A/Frameworks/vecLib.framework/Versions/A/vecLib
0x0000000002890000 	/System/Library/Frameworks/Accelerate.framework/Versions/A/Frameworks/vecLib.framework/Versions/A/libvDSP.dylib
0x0000000002890000 	/System/Library/Frameworks/Accelerate.framework/Versions/A/Frameworks/vecLib.framework/Versions/A/libvMisc.dylib
0x0000000002890000 	/System/Library/Frameworks/Accelerate.framework/Versions/A/Frameworks/vecLib.framework/Versions/A/libLAPACK.dylib
0x0000000002890000 	/System/Library/Frameworks/Accelerate.framework/Versions/A/Frameworks/vecLib.framework/Versions/A/libBLAS.dylib
0x0000000002890000 	/System/Library/Frameworks/Accelerate.framework/Versions/A/Frameworks/vecLib.framework/Versions/A/libLinearAlgebra.dylib
0x0000000002890000 	/System/Library/Frameworks/ApplicationServices.framework/Versions/A/Frameworks/ATS.framework/Versions/A/Resources/libFontParser.dylib
0x0000000002890000 	/System/Library/Frameworks/ApplicationServices.framework/Versions/A/Frameworks/ATS.framework/Versions/A/Resources/libFontRegistry.dylib
0x0000000002890000 	/System/Library/PrivateFrameworks/AppleVPA.framework/Versions/A/AppleVPA
0x0000000002890000 	/System/Library/PrivateFrameworks/AppleJPEG.framework/Versions/A/AppleJPEG
0x0000000002890000 	/System/Library/Frameworks/ImageIO.framework/Versions/A/Resources/libJPEG.dylib
0x0000000002890000 	/System/Library/Frameworks/ImageIO.framework/Versions/A/Resources/libTIFF.dylib
0x0000000002890000 	/System/Library/Frameworks/ImageIO.framework/Versions/A/Resources/libPng.dylib
0x0000000002890000 	/System/Library/Frameworks/ImageIO.framework/Versions/A/Resources/libGIF.dylib
0x0000000002890000 	/System/Library/Frameworks/ImageIO.framework/Versions/A/Resources/libJP2.dylib
0x0000000002890000 	/System/Library/Frameworks/ImageIO.framework/Versions/A/Resources/libRadiance.dylib
0x0000000002890000 	/System/Library/Frameworks/CoreVideo.framework/Versions/A/CoreVideo
0x0000000002890000 	/System/Library/Frameworks/OpenGL.framework/Versions/A/Libraries/libGLU.dylib
0x0000000002890000 	/System/Library/Frameworks/OpenGL.framework/Versions/A/Libraries/libGFXShared.dylib
0x0000000002890000 	/System/Library/Frameworks/OpenGL.framework/Versions/A/Libraries/libGL.dylib
0x0000000002890000 	/System/Library/Frameworks/OpenGL.framework/Versions/A/Libraries/libGLImage.dylib
0x0000000002890000 	/System/Library/Frameworks/OpenGL.framework/Versions/A/Libraries/libCVMSPluginSupport.dylib
0x0000000002890000 	/System/Library/Frameworks/OpenGL.framework/Versions/A/Libraries/libCoreVMClient.dylib
0x0000000002890000 	/usr/lib/libcups.2.dylib
0x0000000002890000 	/System/Library/Frameworks/Kerberos.framework/Versions/A/Kerberos
0x0000000002890000 	/System/Library/Frameworks/GSS.framework/Versions/A/GSS
0x0000000002890000 	/usr/lib/libresolv.9.dylib
0x0000000002890000 	/usr/lib/libiconv.2.dylib
0x0000000002890000 	/System/Library/PrivateFrameworks/Heimdal.framework/Versions/A/Heimdal
0x0000000002890000 	/usr/lib/libheimdal-asn1.dylib
0x0000000002890000 	/System/Library/Frameworks/OpenDirectory.framework/Versions/A/OpenDirectory
0x0000000002890000 	/System/Library/PrivateFrameworks/CommonAuth.framework/Versions/A/CommonAuth
0x0000000002890000 	/System/Library/Frameworks/OpenDirectory.framework/Versions/A/Frameworks/CFOpenDirectory.framework/Versions/A/CFOpenDirectory
0x0000000002890000 	/System/Library/Frameworks/SecurityFoundation.framework/Versions/A/SecurityFoundation
0x0000000002890000 	/System/Library/PrivateFrameworks/LanguageModeling.framework/Versions/A/LanguageModeling
0x0000000002890000 	/usr/lib/libcmph.dylib
0x0000000002890000 	/System/Library/Frameworks/ServiceManagement.framework/Versions/A/ServiceManagement
0x0000000002890000 	/usr/lib/libxslt.1.dylib
0x0000000002890000 	/System/Library/Frameworks/Carbon.framework/Versions/A/Frameworks/Ink.framework/Versions/A/Ink
0x0000000002890000 	/System/Library/Frameworks/QuartzCore.framework/Versions/A/Frameworks/CoreImage.framework/Versions/A/CoreImage
0x0000000002890000 	/System/Library/PrivateFrameworks/CrashReporterSupport.framework/Versions/A/CrashReporterSupport
0x0000000002890000 	/System/Library/Frameworks/OpenCL.framework/Versions/A/OpenCL
0x0000000002890000 	/System/Library/PrivateFrameworks/FaceCore.framework/Versions/A/FaceCore
0x0000000002890000 	/System/Library/PrivateFrameworks/Ubiquity.framework/Versions/A/Ubiquity
0x0000000002890000 	/System/Library/PrivateFrameworks/IconServices.framework/Versions/A/IconServices
0x0000000002890000 	/System/Library/PrivateFrameworks/ChunkingLibrary.framework/Versions/A/ChunkingLibrary
0x0000000002890000 	/System/Library/PrivateFrameworks/Apple80211.framework/Versions/A/Apple80211
0x0000000002890000 	/System/Library/Frameworks/CoreWLAN.framework/Versions/A/CoreWLAN
0x0000000002890000 	/System/Library/Frameworks/IOBluetooth.framework/Versions/A/IOBluetooth
0x0000000002890000 	/System/Library/PrivateFrameworks/CoreWiFi.framework/Versions/A/CoreWiFi
0x0000000002890000 	/System/Library/Frameworks/CoreBluetooth.framework/Versions/A/CoreBluetooth
0x0000000002890000 	/System/Library/PrivateFrameworks/DebugSymbols.framework/Versions/A/DebugSymbols
0x0000000002890000 	/System/Library/PrivateFrameworks/CoreSymbolication.framework/Versions/A/CoreSymbolication
0x0000000002890000 	/System/Library/PrivateFrameworks/Symbolication.framework/Versions/A/Symbolication
0x0000000002890000 	/System/Library/PrivateFrameworks/SpeechRecognitionCore.framework/Versions/A/SpeechRecognitionCore
0x000000010c000000 	/Library/Java/JavaVirtualMachines/jdk1.8.0_45.jdk/Contents/Home/jre/lib/server/libjvm.dylib
0x0000000002890000 	/usr/lib/libstdc++.6.dylib
0x000000010cf69000 	/Library/Java/JavaVirtualMachines/jdk1.8.0_45.jdk/Contents/Home/jre/lib/libverify.dylib
0x000000010cf77000 	/Library/Java/JavaVirtualMachines/jdk1.8.0_45.jdk/Contents/Home/jre/lib/libjava.dylib
0x000000010cfac000 	/Library/Java/JavaVirtualMachines/jdk1.8.0_45.jdk/Contents/Home/jre/lib/libjdwp.dylib
0x000000010aff6000 	/Library/Java/JavaVirtualMachines/jdk1.8.0_45.jdk/Contents/Home/jre/lib/libnpt.dylib
0x000000010cfff000 	/Library/Java/JavaVirtualMachines/jdk1.8.0_45.jdk/Contents/Home/jre/lib/libzip.dylib
0x000000012410b000 	/System/Library/Frameworks/JavaVM.framework/Frameworks/JavaRuntimeSupport.framework/JavaRuntimeSupport
0x0000000124123000 	/System/Library/Frameworks/JavaVM.framework/Versions/A/Frameworks/JavaNativeFoundation.framework/Versions/A/JavaNativeFoundation
0x0000000124138000 	/System/Library/Frameworks/JavaVM.framework/Versions/A/JavaVM
0x0000000002890000 	/System/Library/Frameworks/Carbon.framework/Versions/A/Carbon
0x0000000124145000 	/System/Library/PrivateFrameworks/JavaLaunching.framework/Versions/A/JavaLaunching
0x0000000002890000 	/System/Library/Frameworks/Carbon.framework/Versions/A/Frameworks/CommonPanels.framework/Versions/A/CommonPanels
0x0000000002890000 	/System/Library/Frameworks/Carbon.framework/Versions/A/Frameworks/Help.framework/Versions/A/Help
0x0000000002890000 	/System/Library/Frameworks/Carbon.framework/Versions/A/Frameworks/ImageCapture.framework/Versions/A/ImageCapture
0x0000000002890000 	/System/Library/Frameworks/Carbon.framework/Versions/A/Frameworks/OpenScripting.framework/Versions/A/OpenScripting
0x0000000002890000 	/System/Library/Frameworks/Carbon.framework/Versions/A/Frameworks/Print.framework/Versions/A/Print
0x0000000002890000 	/System/Library/Frameworks/Carbon.framework/Versions/A/Frameworks/SecurityHI.framework/Versions/A/SecurityHI
0x0000000124257000 	/Library/Java/JavaVirtualMachines/jdk1.8.0_45.jdk/Contents/Home/jre/lib/libdt_socket.dylib

VM Arguments:
jvm_args: -agentlib:jdwp=transport=dt_socket,suspend=y,address=localhost:54016 -Dfile.encoding=UTF-8 
java_command: Main
java_class_path (initial): /Users/jack/Documents/workspace/L42-ExerciseB/bin:/Users/jack/Documents/workspace/L42-ExerciseB/lib/univocity-parsers-1.5.5.jar:/Users/jack/Documents/workspace/L42-ExerciseB/libsvm-3.21/java/libsvm.jar
Launcher Type: SUN_STANDARD

Environment Variables:
PATH=/usr/bin:/bin:/usr/sbin:/sbin
SHELL=/bin/bash
DISPLAY=/private/tmp/com.apple.launchd.kzLHdslWOa/org.macosforge.xquartz:0

Signal Handlers:
SIGSEGV: [libjvm.dylib+0x58ef95], sa_mask[0]=11111111011111110111111111111111, sa_flags=SA_ONSTACK|SA_RESTART|SA_SIGINFO
SIGBUS: [libjvm.dylib+0x58ef95], sa_mask[0]=11111111011111110111111111111111, sa_flags=SA_RESTART|SA_SIGINFO
SIGFPE: [libjvm.dylib+0x46c108], sa_mask[0]=11111111011111110111111111111111, sa_flags=SA_RESTART|SA_SIGINFO
SIGPIPE: [libjvm.dylib+0x46c108], sa_mask[0]=11111111011111110111111111111111, sa_flags=SA_RESTART|SA_SIGINFO
SIGXFSZ: [libjvm.dylib+0x46c108], sa_mask[0]=11111111011111110111111111111111, sa_flags=SA_RESTART|SA_SIGINFO
SIGILL: [libjvm.dylib+0x46c108], sa_mask[0]=11111111011111110111111111111111, sa_flags=SA_RESTART|SA_SIGINFO
SIGUSR1: SIG_DFL, sa_mask[0]=00000000000000000000000000000000, sa_flags=none
SIGUSR2: [libjvm.dylib+0x46bc26], sa_mask[0]=00100000000000000000000000000000, sa_flags=SA_RESTART|SA_SIGINFO
SIGHUP: [libjvm.dylib+0x46a1f9], sa_mask[0]=11111111011111110111111111111111, sa_flags=SA_RESTART|SA_SIGINFO
SIGINT: [libjvm.dylib+0x46a1f9], sa_mask[0]=11111111011111110111111111111111, sa_flags=SA_RESTART|SA_SIGINFO
SIGTERM: [libjvm.dylib+0x46a1f9], sa_mask[0]=11111111011111110111111111111111, sa_flags=SA_RESTART|SA_SIGINFO
SIGQUIT: [libjvm.dylib+0x46a1f9], sa_mask[0]=11111111011111110111111111111111, sa_flags=SA_RESTART|SA_SIGINFO


---------------  S Y S T E M  ---------------

OS:Bsduname:Darwin 14.1.0 Darwin Kernel Version 14.1.0: Mon Dec 22 23:10:38 PST 2014; root:xnu-2782.10.72~2/RELEASE_X86_64 x86_64
rlimit: STACK 8192k, CORE 0k, NPROC 709, NOFILE 10240, AS infinity
load average:1.93 2.09 1.93

CPU:total 8 (4 cores per cpu, 2 threads per core) family 6 model 70 stepping 1, cmov, cx8, fxsr, mmx, sse, sse2, sse3, ssse3, sse4.1, sse4.2, popcnt, avx, avx2, aes, clmul, erms, lzcnt, ht, tsc, tscinvbit, bmi1, bmi2

Memory: 4k page, physical 8388608k(38292k free)

/proc/meminfo:


vm_info: Java HotSpot(TM) 64-Bit Server VM (25.45-b02) for bsd-amd64 JRE (1.8.0_45-b14), built on Apr 10 2015 10:46:38 by "java_re" with gcc 4.2.1 (Based on Apple Inc. build 5658) (LLVM build 2336.11.00)

time: Mon Apr  4 14:06:33 2016
elapsed time: 186 seconds (0d 0h 3m 6s)

